{"uuid":"2d4bb190-779a-4c09-acff-3c106974b9f7","historyId":"fcb4113721b0e06cb0b221911cb02e3f","fullName":"tests.Phase1SmokeTests.testVerifyThatNewlyAddedUsersReceiveAnEmailNotificationWithLoginInstructions","labels":[{"name":"package","value":"tests.Phase1SmokeTests"},{"name":"testClass","value":"tests.Phase1SmokeTests"},{"name":"testMethod","value":"testVerifyThatNewlyAddedUsersReceiveAnEmailNotificationWithLoginInstructions"},{"name":"parentSuite","value":"Default Suite"},{"name":"suite","value":"tilt_automated_ui_tescases"},{"name":"subSuite","value":"tests.Phase1SmokeTests"},{"name":"host","value":"tests-MacBook-Pro.local"},{"name":"thread","value":"2506@tests-MacBook-Pro.local.main(3)"},{"name":"framework","value":"testng"},{"name":"language","value":"java"}],"links":[],"name":"testVerifyThatNewlyAddedUsersReceiveAnEmailNotificationWithLoginInstructions","status":"broken","statusDetails":{"known":false,"muted":false,"flaky":false,"message":"❌ Timeout: Elements not all visible: By.xpath: //form[@data-hs-cf-bound='true']","trace":"java.lang.RuntimeException: ❌ Timeout: Elements not all visible: By.xpath: //form[@data-hs-cf-bound='true']\n\tat Utils.WaitUtils.waitForAllVisible(WaitUtils.java:59)\n\tat pages.Shop.AssessmentEntryPage.fillUserDetailsAtIndex(AssessmentEntryPage.java:192)\n\tat tests.Phase1SmokeTests.testVerifyThatNewlyAddedUsersReceiveAnEmailNotificationWithLoginInstructions(Phase1SmokeTests.java:71)\n\tat java.base/jdk.internal.reflect.DirectMethodHandleAccessor.invoke(DirectMethodHandleAccessor.java:104)\n\tat java.base/java.lang.reflect.Method.invoke(Method.java:565)\n\tat org.testng.internal.invokers.MethodInvocationHelper.invokeMethod(MethodInvocationHelper.java:141)\n\tat org.testng.internal.invokers.TestInvoker.invokeMethod(TestInvoker.java:687)\n\tat org.testng.internal.invokers.TestInvoker.invokeTestMethod(TestInvoker.java:230)\n\tat org.testng.internal.invokers.MethodRunner.runInSequence(MethodRunner.java:63)\n\tat org.testng.internal.invokers.TestInvoker$MethodInvocationAgent.invoke(TestInvoker.java:995)\n\tat org.testng.internal.invokers.TestInvoker.invokeTestMethods(TestInvoker.java:203)\n\tat org.testng.internal.invokers.TestMethodWorker.invokeTestMethods(TestMethodWorker.java:154)\n\tat org.testng.internal.invokers.TestMethodWorker.run(TestMethodWorker.java:134)\n\tat java.base/java.util.ArrayList.forEach(ArrayList.java:1604)\n\tat org.testng.TestRunner.privateRun(TestRunner.java:741)\n\tat org.testng.TestRunner.run(TestRunner.java:616)\n\tat org.testng.SuiteRunner.runTest(SuiteRunner.java:421)\n\tat org.testng.SuiteRunner.runSequentially(SuiteRunner.java:413)\n\tat org.testng.SuiteRunner.privateRun(SuiteRunner.java:373)\n\tat org.testng.SuiteRunner.run(SuiteRunner.java:312)\n\tat org.testng.SuiteRunnerWorker.runSuite(SuiteRunnerWorker.java:52)\n\tat org.testng.SuiteRunnerWorker.run(SuiteRunnerWorker.java:95)\n\tat org.testng.TestNG.runSuitesSequentially(TestNG.java:1274)\n\tat org.testng.TestNG.runSuitesLocally(TestNG.java:1208)\n\tat org.testng.TestNG.runSuites(TestNG.java:1112)\n\tat org.testng.TestNG.run(TestNG.java:1079)\n\tat com.intellij.rt.testng.IDEARemoteTestNG.run(IDEARemoteTestNG.java:65)\n\tat com.intellij.rt.testng.RemoteTestNGStarter.main(RemoteTestNGStarter.java:105)\nCaused by: org.openqa.selenium.TimeoutException: Expected condition failed: waiting for visibility of all elements located by By.xpath: //form[@data-hs-cf-bound='true'] (tried for 10 second(s) with 500 milliseconds interval)\nBuild info: version: '4.34.0', revision: '707dcb4246*'\nSystem info: os.name: 'Mac OS X', os.arch: 'x86_64', os.version: '12.7.6', java.version: '24.0.1'\nDriver info: org.openqa.selenium.chrome.ChromeDriver\nCapabilities {acceptInsecureCerts: false, browserName: chrome, browserVersion: 139.0.7258.67, chrome: {chromedriverVersion: 139.0.7258.68 (40ff94600b6e..., userDataDir: /var/folders/v0/gmr5l26x7t7...}, fedcm:accounts: true, goog:chromeOptions: {debuggerAddress: localhost:54504}, networkConnectionEnabled: false, pageLoadStrategy: normal, platformName: mac, proxy: Proxy(), se:cdp: ws://localhost:54504/devtoo..., se:cdpVersion: 139.0.7258.67, setWindowRect: true, strictFileInteractability: false, timeouts: {implicit: 0, pageLoad: 300000, script: 30000}, unhandledPromptBehavior: dismiss and notify, webauthn:extension:credBlob: true, webauthn:extension:largeBlob: true, webauthn:extension:minPinLength: true, webauthn:extension:prf: true, webauthn:virtualAuthenticators: true}\nSession ID: 1f0f3c23e0917da3b080ba5955b204f3\n\tat org.openqa.selenium.support.ui.WebDriverWait.timeoutException(WebDriverWait.java:84)\n\tat org.openqa.selenium.support.ui.FluentWait.until(FluentWait.java:228)\n\tat Utils.WaitUtils.waitForAllVisible(WaitUtils.java:57)\n\t... 27 more\n"},"stage":"finished","steps":[],"attachments":[],"parameters":[],"start":1755094725340,"stop":1755094752071}