{"uuid":"ade54cd1-d7c2-4c58-b51d-1b41a2db5706","historyId":"fcb4113721b0e06cb0b221911cb02e3f","fullName":"tests.Phase1SmokeTests.testVerifyThatNewlyAddedUsersReceiveAnEmailNotificationWithLoginInstructions","labels":[{"name":"package","value":"tests.Phase1SmokeTests"},{"name":"testClass","value":"tests.Phase1SmokeTests"},{"name":"testMethod","value":"testVerifyThatNewlyAddedUsersReceiveAnEmailNotificationWithLoginInstructions"},{"name":"parentSuite","value":"Default Suite"},{"name":"suite","value":"tilt_automated_ui_tescases"},{"name":"subSuite","value":"tests.Phase1SmokeTests"},{"name":"host","value":"tests-MacBook-Pro.local"},{"name":"thread","value":"5369@tests-MacBook-Pro.local.main(3)"},{"name":"framework","value":"testng"},{"name":"language","value":"java"}],"links":[],"name":"testVerifyThatNewlyAddedUsersReceiveAnEmailNotificationWithLoginInstructions","status":"broken","statusDetails":{"known":false,"muted":false,"flaky":false,"message":"Failed to execute Playwright checkout","trace":"java.lang.RuntimeException: Failed to execute Playwright checkout\n\tat pages.Shop.Stripe.PlaywrightStripeBridge.pay(PlaywrightStripeBridge.java:82)\n\tat tests.Phase1SmokeTests.testVerifyThatNewlyAddedUsersReceiveAnEmailNotificationWithLoginInstructions(Phase1SmokeTests.java:94)\n\tat java.base/jdk.internal.reflect.DirectMethodHandleAccessor.invoke(DirectMethodHandleAccessor.java:104)\n\tat java.base/java.lang.reflect.Method.invoke(Method.java:565)\n\tat org.testng.internal.invokers.MethodInvocationHelper.invokeMethod(MethodInvocationHelper.java:141)\n\tat org.testng.internal.invokers.TestInvoker.invokeMethod(TestInvoker.java:687)\n\tat org.testng.internal.invokers.TestInvoker.invokeTestMethod(TestInvoker.java:230)\n\tat org.testng.internal.invokers.MethodRunner.runInSequence(MethodRunner.java:63)\n\tat org.testng.internal.invokers.TestInvoker$MethodInvocationAgent.invoke(TestInvoker.java:995)\n\tat org.testng.internal.invokers.TestInvoker.invokeTestMethods(TestInvoker.java:203)\n\tat org.testng.internal.invokers.TestMethodWorker.invokeTestMethods(TestMethodWorker.java:154)\n\tat org.testng.internal.invokers.TestMethodWorker.run(TestMethodWorker.java:134)\n\tat java.base/java.util.ArrayList.forEach(ArrayList.java:1604)\n\tat org.testng.TestRunner.privateRun(TestRunner.java:741)\n\tat org.testng.TestRunner.run(TestRunner.java:616)\n\tat org.testng.SuiteRunner.runTest(SuiteRunner.java:421)\n\tat org.testng.SuiteRunner.runSequentially(SuiteRunner.java:413)\n\tat org.testng.SuiteRunner.privateRun(SuiteRunner.java:373)\n\tat org.testng.SuiteRunner.run(SuiteRunner.java:312)\n\tat org.testng.SuiteRunnerWorker.runSuite(SuiteRunnerWorker.java:52)\n\tat org.testng.SuiteRunnerWorker.run(SuiteRunnerWorker.java:95)\n\tat org.testng.TestNG.runSuitesSequentially(TestNG.java:1274)\n\tat org.testng.TestNG.runSuitesLocally(TestNG.java:1208)\n\tat org.testng.TestNG.runSuites(TestNG.java:1112)\n\tat org.testng.TestNG.run(TestNG.java:1079)\n\tat com.intellij.rt.testng.IDEARemoteTestNG.run(IDEARemoteTestNG.java:65)\n\tat com.intellij.rt.testng.RemoteTestNGStarter.main(RemoteTestNGStarter.java:105)\nCaused by: java.io.IOException: Cannot run program \"npx\" (in directory \"/Users/test/Desktop/stripe-checkout-playwright\"): error=2, No such file or directory\n\tat java.base/java.lang.ProcessBuilder.start(ProcessBuilder.java:1110)\n\tat java.base/java.lang.ProcessBuilder.start(ProcessBuilder.java:1044)\n\tat pages.Shop.Stripe.PlaywrightStripeBridge.pay(PlaywrightStripeBridge.java:63)\n\t... 26 more\nCaused by: java.io.IOException: error=2, No such file or directory\n\tat java.base/java.lang.ProcessImpl.forkAndExec(Native Method)\n\tat java.base/java.lang.ProcessImpl.<init>(ProcessImpl.java:290)\n\tat java.base/java.lang.ProcessImpl.start(ProcessImpl.java:221)\n\tat java.base/java.lang.ProcessBuilder.start(ProcessBuilder.java:1076)\n\t... 28 more\n"},"stage":"finished","steps":[],"attachments":[],"parameters":[],"start":1755473941252,"stop":1755473959551}